[0415/135526:ERROR:process_info.cc(608)] range at 0xfffde000, size 0x230 fully unreadable
[0415/135526:ERROR:process_info.cc(608)] range at 0x0, size 0x24 fully unreadable
[0415/135526:ERROR:process_reader_win.cc(232)] ReadMemory at 0x0 of 36 bytes failed: «апрос ReadProcessMemory или WriteProcessMemory был выполнен только частично. (0x12B)
[0415/135526:ERROR:process_snapshot_win.cc(279)] ReadMemory PEB_LDR_DATA
[0415/135526:ERROR:process_reader_win.cc(232)] ReadMemory at 0x0 of 784 bytes failed: «апрос ReadProcessMemory или WriteProcessMemory был выполнен только частично. (0x12B)
[0415/135526:ERROR:process_snapshot_win.cc(302)] ReadMemory RTL_USER_PROCESS_PARAMETERS
[0415/135526:ERROR:process_reader_win.cc(141)] SuspendThread: ќтказано в доступе. (0x5)
[0415/135526:ERROR:process_reader_win.cc(232)] ReadMemory at 0x5ea40000 of 64 bytes failed: «апрос ReadProcessMemory или WriteProcessMemory был выполнен только частично. (0x12B)
[0415/135526:WARNING:pe_image_reader.cc(280)] could not read dos header from C:\Program Files\AVAST Software\Avast\snxhk.dll
[0415/135526:ERROR:process_reader_win.cc(232)] ReadMemory at 0x71d90000 of 64 bytes failed: «апрос ReadProcessMemory или WriteProcessMemory был выполнен только частично. (0x12B)
[0415/135526:WARNING:pe_image_reader.cc(280)] could not read dos header from C:\Windows\system32\WINMM.dll
[0415/135526:ERROR:process_reader_win.cc(232)] ReadMemory at 0x73820000 of 64 bytes failed: «апрос ReadProcessMemory или WriteProcessMemory был выполнен только частично. (0x12B)
[0415/135526:WARNING:pe_image_reader.cc(280)] could not read dos header from C:\Windows\system32\WTSAPI32.dll
[0415/135526:ERROR:process_reader_win.cc(232)] ReadMemory at 0x72030000 of 64 bytes failed: «апрос ReadProcessMemory или WriteProcessMemory был выполнен только частично. (0x12B)
[0415/135526:WARNING:pe_image_reader.cc(280)] could not read dos header from C:\Windows\system32\WINSPOOL.DRV
[0415/135526:ERROR:process_reader_win.cc(232)] ReadMemory at 0x72790000 of 64 bytes failed: «апрос ReadProcessMemory или WriteProcessMemory был выполнен только частично. (0x12B)
[0415/135526:WARNING:pe_image_reader.cc(280)] could not read dos header from C:\Windows\WinSxS\x86_microsoft.windows.common-controls_6595b64144ccf1df_6.0.7601.18837_none_41e855142bd5705d\COMCTL32.dll
[0415/135526:ERROR:process_reader_win.cc(232)] ReadMemory at 0x73b20000 of 64 bytes failed: «апрос ReadProcessMemory или WriteProcessMemory был выполнен только частично. (0x12B)
[0415/135526:WARNING:pe_image_reader.cc(280)] could not read dos header from C:\Windows\system32\Secur32.dll
[0415/135526:ERROR:process_reader_win.cc(232)] ReadMemory at 0xf1f0000 of 64 bytes failed: «апрос ReadProcessMemory или WriteProcessMemory был выполнен только частично. (0x12B)
[0415/135526:WARNING:pe_image_reader.cc(280)] could not read dos header from C:\Program Files (x86)\Google\Chrome\Application\49.0.2623.112\chrome_child.dll
[0415/135526:ERROR:process_reader_win.cc(232)] ReadMemory at 0x5e5f0000 of 64 bytes failed: «апрос ReadProcessMemory или WriteProcessMemory был выполнен только частично. (0x12B)
[0415/135526:WARNING:pe_image_reader.cc(280)] could not read dos header from C:\Program Files\AVAST Software\Avast\aswJsFlt.dll
[0415/135526:ERROR:process_reader_win.cc(232)] ReadMemory at 0x73f90000 of 64 bytes failed: «апрос ReadProcessMemory или WriteProcessMemory был выполнен только частично. (0x12B)
[0415/135526:WARNING:pe_image_reader.cc(280)] could not read dos header from C:\Windows\system32\netutils.dll
[0415/135526:ERROR:process_reader_win.cc(232)] ReadMemory at 0x73f70000 of 64 bytes failed: «апрос ReadProcessMemory или WriteProcessMemory был выполнен только частично. (0x12B)
[0415/135526:WARNING:pe_image_reader.cc(280)] could not read dos header from C:\Windows\system32\srvcli.dll
[0415/135526:ERROR:process_reader_win.cc(232)] ReadMemory at 0x73f60000 of 64 bytes failed: «апрос ReadProcessMemory или WriteProcessMemory был выполнен только частично. (0x12B)
[0415/135526:WARNING:pe_image_reader.cc(280)] could not read dos header from C:\Windows\system32\wkscli.dll
[0415/135526:ERROR:process_reader_win.cc(232)] ReadMemory at 0x73f10000 of 64 bytes failed: «апрос ReadProcessMemory или WriteProcessMemory был выполнен только частично. (0x12B)
[0415/135526:WARNING:pe_image_reader.cc(280)] could not read dos header from C:\PROGRA~1\AVASTS~1\Avast\AavmRpch.dll
[0415/135526:ERROR:process_reader_win.cc(232)] ReadMemory at 0x73db0000 of 64 bytes failed: «апрос ReadProcessMemory или WriteProcessMemory был выполнен только частично. (0x12B)
[0415/135526:WARNING:pe_image_reader.cc(280)] could not read dos header from C:\PROGRA~1\AVASTS~1\Avast\aswAux.dll
[0415/135526:ERROR:process_reader_win.cc(232)] ReadMemory at 0x73ea0000 of 64 bytes failed: «апрос ReadProcessMemory или WriteProcessMemory был выполнен только частично. (0x12B)
[0415/135526:WARNING:pe_image_reader.cc(280)] could not read dos header from C:\PROGRA~1\AVASTS~1\Avast\ashTask.dll
[0415/135526:ERROR:process_reader_win.cc(232)] ReadMemory at 0x6cde0000 of 64 bytes failed: «апрос ReadProcessMemory или WriteProcessMemory был выполнен только частично. (0x12B)
[0415/135526:WARNING:pe_image_reader.cc(280)] could not read dos header from C:\Windows\system32\dwrite.dll
[0415/135526:ERROR:exception_snapshot_win.cc(56)] thread ID 0 not found in process
[0415/135526:WARNING:crash_report_exception_handler.cc(60)] ProcessSnapshotWin::InitializeException failed
[0415/135526:ERROR:scoped_process_suspend.cc(38)] NtResumeProcess, ntstatus=-1073741558
